open source     > level 1, order 1, name 'C:/context/tex/texmf-context/tex/context/base/mkiv/cont-yes.mkiv'
system          > 
system          > ConTeXt  ver: 2018.09.26 14:26 MKIV beta  fmt: 2018.9.29  int: english/english
system          > 
system          > 'cont-new.mkiv' loaded
open source     > level 2, order 2, name 'C:/context/tex/texmf-context/tex/context/base/mkiv/cont-new.mkiv'
system          > beware: some patches loaded from cont-new.mkiv
close source    > level 2, order 2, name 'C:/context/tex/texmf-context/tex/context/base/mkiv/cont-new.mkiv'
system          > files > jobname 'paper_tesis', input './paper_tesis', result 'paper_tesis'
fonts           > latin modern fonts are not preloaded
languages       > language 'en' is active
system          > synctex functionality is enabled, expect 5-10 pct runtime overhead!
open source     > level 2, order 3, name 'C:/Users/duonagem/Documents/GitHub/Paper-thesis/paper_tesis.tex'
fonts           > preloading latin modern fonts (second stage)
fonts           > 'fallback modern-designsize rm 12pt' is loaded
structure       > sectioning > title @ level 2 : 0.0 -> Article
structure       > sectioning > subject @ level 3 : 0.0.0 -> Abstract
structure       > sectioning > subject @ level 3 : 0.0.0 -> Introduction
close source    > level 2, order 3, name 'C:/Users/duonagem/Documents/GitHub/Paper-thesis/paper_tesis.tex'
backend         > xmp > using file 'C:/context/tex/texmf-context/tex/context/base/mkiv/lpdf-pdx.xml'
pages           > flushing realpage 1, userpage 1, subpage 1
close source    > level 1, order 3, name 'C:/context/tex/texmf-context/tex/context/base/mkiv/cont-yes.mkiv'

system          > start used files

system          > text: paper_tesis

system          > stop used files


system          > start used files

system          >    1: filename=char-prv.lua filetype=tex format=tex foundname=C:/context/tex/texmf-context/tex/context/base/mkiv/char-prv.lua fullname=C:/context/tex/texmf-context/tex/context/base/mkiv/char-prv.lua usedmethod=database
system          >    2: filename=cont-yes.mkiv filetype=tex foundname=C:/context/tex/texmf-context/tex/context/base/mkiv/cont-yes.mkiv fullname=C:/context/tex/texmf-context/tex/context/base/mkiv/cont-yes.mkiv usedmethod=database
system          >    3: filename=publ-imp-default.lua filetype=scripts foundname=C:/context/tex/texmf-context/tex/context/base/mkiv/publ-imp-default.lua fullname=C:/context/tex/texmf-context/tex/context/base/mkiv/publ-imp-default.lua usedmethod=database
system          >    4: filename=cont-new.mkiv filetype=tex foundname=C:/context/tex/texmf-context/tex/context/base/mkiv/cont-new.mkiv fullname=C:/context/tex/texmf-context/tex/context/base/mkiv/cont-new.mkiv usedmethod=database
system          >    5: filename=lang-exc.lua filetype=scripts foundname=C:/context/tex/texmf-context/tex/context/base/mkiv/lang-exc.lua fullname=C:/context/tex/texmf-context/tex/context/base/mkiv/lang-exc.lua usedmethod=database
system          >    6: filename=lang-us.lua filetype=scripts foundname=C:/context/tex/texmf-context/tex/context/patterns/mkiv/lang-us.lua fullname=C:/context/tex/texmf-context/tex/context/patterns/mkiv/lang-us.lua usedmethod=database
system          >    7: filename=C:\Users\duonagem\Documents\GitHub\Paper-thesis/paper_tesis.tex foundname=C:/Users/duonagem/Documents/GitHub/Paper-thesis/paper_tesis.tex fullname=C:/Users/duonagem/Documents/GitHub/Paper-thesis/paper_tesis.tex usedmethod=direct
system          >    8: filename=lm.lfg filetype=tex foundname=C:/context/tex/texmf-context/tex/context/fonts/mkiv/lm.lfg fullname=C:/context/tex/texmf-context/tex/context/fonts/mkiv/lm.lfg usedmethod=database
system          >    9: filename=lmroman12-regular filetype=otf format=otf foundname=C:/context/tex/texmf/fonts/opentype/public/lm/lmroman12-regular.otf fullname=C:/context/tex/texmf/fonts/opentype/public/lm/lmroman12-regular.otf usedmethod=database
system          >   10: filename=latinmodern-math.otf filetype=opentypefonts foundname=C:/context/tex/texmf/fonts/opentype/public/lm-math/latinmodern-math.otf fullname=C:/context/tex/texmf/fonts/opentype/public/lm-math/latinmodern-math.otf usedmethod=database
system          >   11: filename=lmroman10-regular filetype=otf format=otf foundname=C:/context/tex/texmf/fonts/opentype/public/lm/lmroman10-regular.otf fullname=C:/context/tex/texmf/fonts/opentype/public/lm/lmroman10-regular.otf usedmethod=database
system          >   12: filename=lpdf-pdx.xml filetype=tex foundname=C:/context/tex/texmf-context/tex/context/base/mkiv/lpdf-pdx.xml fullname=C:/context/tex/texmf-context/tex/context/base/mkiv/lpdf-pdx.xml usedmethod=database

system          > stop used files


system          > start commandline options

system          > currentrun="3"
system          > fulljobname="./paper_tesis.tex"
system          > input="./paper_tesis.tex"
system          > kindofrun="2"
system          > maxnofruns="9"
system          > no-parse-first-line="true"
system          > synctex="true"

system          > stop commandline options


system          > start commandline files

system          >    1: ./paper_tesis.tex

system          > stop commandline files


modules         > start used modules


modules         > stop used modules


mkiv lua stats  > used config file: selfautoparent:/texmf/web2c/texmfcnf.lua
mkiv lua stats  > used cache path: C:/context/tex/texmf-cache/luatex-cache/context/5fe67e0bfe781ce0dde776fb1556f32e
mkiv lua stats  > resource resolver: loadtime 0.010 seconds, 0 scans with scantime 0.000 seconds, 0 shared scans, 12 found files, scanned paths: <none>
mkiv lua stats  > stored bytecode data: 441 modules (0.405 sec), 93 tables (0.030 sec), 534 chunks (0.435 sec)
mkiv lua stats  > traced context: maxstack: 1351, freed: 0, unreachable: 1351
mkiv lua stats  > cleaned up reserved nodes: 59 nodes, 9 lists of 440
mkiv lua stats  > node memory usage: 2 glue, 2 kern, 2 penalty, 14 attribute, 50 glue_spec, 4 attribute_list, 2 temp, 2 user_defined
mkiv lua stats  > node list callback tasks: 8 unique task lists, 7 instances (re)created, 143 calls
mkiv lua stats  > h-node processing time: 0.012 seconds including kernel
mkiv lua stats  > synctex tracing: 2 referenced files, 4 files ignored, 37 objects flushed, logfile: paper_tesis.synctex
mkiv lua stats  > used backend: pdf (backend for directly generating pdf output)
mkiv lua stats  > jobdata time: 0.003 seconds saving, 0.001 seconds loading
mkiv lua stats  > callbacks: internal: 324, file: 153, direct: 2, late: 38, function 537, total: 1054
mkiv lua stats  > randomizer: resumed with value 0.30630493164063
mkiv lua stats  > loaded patterns: en::1, load time: 0.000
mkiv lua stats  > result saved in file: paper_tesis.pdf, compresslevel 3, objectcompresslevel 3
mkiv lua stats  > loaded fonts: 3 files: latinmodern-math.otf, lmroman10-regular.otf, lmroman12-regular.otf
mkiv lua stats  > font engine: otf 3.104, afm 1.513, tfm 1.000, 9 instances, 6 shared in backend, 1 common vectors, 5 common hashes, load time 0.355 seconds 
mkiv lua stats  > used platform: win64, type: windows, binary subtree: texmf-win64
mkiv lua stats  > used engine: luatex version 1.09 with functionality level 6930, banner: this is luatex, version 1.09.0 (tex live 2018/w32tex)
mkiv lua stats  > control sequences: 45080 of 65536 + 100000
mkiv lua stats  > lua properties: engine: lua 5.3, used memory: 97 MB (ctx: 97 MB), hash type: lua, hash chars: min(32,40), symbol mask: utf (τεχ)
mkiv lua stats  > runtime: 0.93 seconds, 1 processed pages, 1 shipped pages, 1.075 pages/second

